2024-08-23T22:16:43.948Z 0: 

----------------------------------------------
2024-08-23T22:16:44.107Z 1: Discord starting: {"releaseChannel":"stable","version":"0.0.65"}, modulepath: /home/pkp/.config/discord/0.0.65/modules
2024-08-23T22:16:44.251Z 2: ✅ webContents.created web1 "Discord Updater"
2024-08-23T22:16:44.538Z 3: ✅ window.created win1 "Discord Updater"
2024-08-23T22:16:44.658Z 4: ✅ webContents.did-finish-load web1
2024-08-23T22:16:57.198Z 5: ✅ webContents.created web2 ""
2024-08-23T22:16:57.489Z 6: ✅ window.created win2 "Discord"
2024-08-23T22:16:59.016Z 7: ✅ webContents.did-finish-load web2
2024-08-23T22:16:59.116Z 8: window.close win1
2024-08-23T22:16:59.220Z 9: webContents.destroyed web1
2024-08-23T22:16:59.469Z 10: window.closed win1
2024-08-23T22:17:50.620Z 11: window.close win2
2024-08-23T22:17:50.691Z 12: before-quit
2024-08-23T22:17:50.713Z 13: window.close win2
2024-08-23T23:08:21.038Z 0: 

----------------------------------------------
2024-08-23T23:08:21.907Z 1: Discord starting: {"releaseChannel":"stable","version":"0.0.65"}, modulepath: /home/pkp/.config/discord/0.0.65/modules
2024-08-23T23:08:22.096Z 2: ✅ webContents.created web1 ""
2024-08-23T23:08:22.629Z 3: ✅ window.created win1 "discord"
2024-08-23T23:08:24.838Z 4: ✅ webContents.did-finish-load web1
2024-08-23T23:08:31.104Z 5: ✅ webContents.created web2 ""
2024-08-23T23:08:31.142Z 6: ✅ window.created win2 "Discord"
2024-08-23T23:08:35.949Z 7: ✅ webContents.did-finish-load web2
2024-08-23T23:08:36.089Z 8: window.close win1
2024-08-23T23:08:36.566Z 9: webContents.destroyed web1
2024-08-23T23:08:37.027Z 10: window.closed win1
2024-08-23T23:08:38.477Z 11: ✅ webContents.did-finish-load web2
2024-08-23T23:19:47.100Z 12: window.close win2
2024-08-23T23:19:47.152Z 13: before-quit
2024-08-23T23:19:47.163Z 14: window.close win2
2024-08-23T23:19:47.179Z 15: webContents.destroyed web2
2024-08-23T23:24:35.886Z 0: 

----------------------------------------------
2024-08-23T23:24:35.963Z 1: Discord starting: {"releaseChannel":"stable","version":"0.0.65"}, modulepath: /home/pkp/.config/discord/0.0.65/modules
2024-08-23T23:24:35.985Z 2: ✅ webContents.created web1 "index.html"
2024-08-23T23:24:36.007Z 3: ✅ window.created win1 "discord"
2024-08-23T23:24:36.096Z 4: ✅ webContents.did-finish-load web1
2024-08-23T23:24:41.640Z 5: ✅ webContents.created web2 ""
2024-08-23T23:24:41.742Z 6: ✅ window.created win2 "Discord"
2024-08-23T23:24:43.025Z 7: ✅ webContents.did-finish-load web2
2024-08-23T23:24:43.125Z 8: window.close win1
2024-08-23T23:24:43.222Z 9: webContents.destroyed web1
2024-08-23T23:24:43.312Z 10: window.closed win1
2024-08-23T23:57:51.772Z 11: window.close win2
2024-08-23T23:57:51.810Z 12: before-quit
2024-08-24T05:56:43.647Z 0: 

----------------------------------------------
2024-08-24T05:56:45.422Z 1: Discord starting: {"releaseChannel":"stable","version":"0.0.65"}, modulepath: /home/pkp/.config/discord/0.0.65/modules
2024-08-24T05:56:45.550Z 2: ✅ webContents.created web1 ""
2024-08-24T05:56:45.660Z 3: ✅ window.created win1 "discord"
2024-08-24T05:56:47.609Z 4: ✅ webContents.did-finish-load web1
2024-08-24T05:56:53.458Z 5: ✅ webContents.created web2 ""
2024-08-24T05:56:53.530Z 6: ✅ window.created win2 "Discord"
2024-08-24T05:56:59.136Z 7: ✅ webContents.did-finish-load web2
2024-08-24T05:56:59.278Z 8: window.close win1
2024-08-24T05:56:59.673Z 9: webContents.destroyed web1
2024-08-24T05:57:00.041Z 10: window.closed win1
